<?xml version="1.0" encoding="UTF-8"?>
<!-- Generated by org.testng.reporters.JUnitReportReporter -->
<testsuite skipped="0" hostname="DESKTOP-Kshitij" name="org.example.AppiumTest" tests="2" failures="0" timestamp="2021-01-27T19:14:39 IST" time="0.033" errors="0">
  <testcase name="nativeAppAutomation" time="0.017" classname="org.example.AppiumTest"/>
  <system-out/>
  <testcase name="IosApps" time="0.016" classname="org.example.AppiumTest"/>
  <system-out/>
</testsuite> <!-- org.example.AppiumTest -->
