<?xml version="1.0" encoding="UTF-8"?>
<!-- Generated by org.testng.reporters.JUnitReportReporter -->
<testsuite skipped="0" hostname="DESKTOP-Kshitij" name="org.example.SeleniumTest" tests="2" failures="0" timestamp="2021-01-27T19:13:22 IST" time="0.001" errors="0">
  <testcase name="browserAutomation" time="0.000" classname="org.example.SeleniumTest"/>
  <system-out/>
  <testcase name="elementUi" time="0.001" classname="org.example.SeleniumTest"/>
  <system-out/>
</testsuite> <!-- org.example.SeleniumTest -->
